[15:30:42] [ServerMain/INFO]: [bootstrap] Running Java 21 (OpenJDK 64-Bit Server VM 21.0.10+7-Ubuntu-124.04; Ubuntu null) on Linux 6.17.11-300.fc43.x86_64 (amd64)
[15:30:42] [ServerMain/INFO]: [bootstrap] Loading Paper 1.21.11-127-main@bd74bf6 (2026-03-10T02:55:23Z) for Minecraft 1.21.11
[15:30:42] [ServerMain/INFO]: [PluginInitializerManager] Initializing plugins...
[15:30:42] [ServerMain/INFO]: [PluginInitializerManager] Initialized 0 plugins
[15:30:43] [Paper Plugin Remapper Thread - 1/INFO]: [ReobfServer] Remapping server...
[15:30:54] [ServerMain/INFO]: Environment: Environment[sessionHost=https://sessionserver.mojang.com, servicesHost=https://api.minecraftservices.com, profilesHost=https://api.mojang.com, name=PROD]
[15:30:55] [Paper Plugin Remapper Thread - 1/INFO]: [ReobfServer] Done remapping server in 12570ms.
[15:30:55] [ServerMain/INFO]: [ca.spottedleaf.dataconverter.minecraft.datatypes.MCTypeRegistry] Initialising converters for DataConverter...
[15:30:56] [ServerMain/INFO]: [ca.spottedleaf.dataconverter.minecraft.datatypes.MCTypeRegistry] Finished initialising converters for DataConverter in 777.0ms
[15:30:56] [ServerMain/INFO]: Found new data pack file/bukkit, loading it automatically
[15:30:56] [ServerMain/INFO]: Found new data pack paper, loading it automatically
[15:30:59] [ServerMain/INFO]: Loaded 1470 recipes
[15:30:59] [ServerMain/INFO]: Loaded 1584 advancements
[15:30:59] [Server thread/INFO]: Starting minecraft server version 1.21.11
[15:30:59] [Server thread/WARN]: ****************************
[15:30:59] [Server thread/WARN]: YOU ARE RUNNING THIS SERVER AS AN ADMINISTRATIVE OR ROOT USER. THIS IS NOT ADVISED.
[15:30:59] [Server thread/WARN]: YOU ARE OPENING YOURSELF UP TO POTENTIAL RISKS WHEN DOING THIS.
[15:30:59] [Server thread/WARN]: FOR MORE INFORMATION, SEE https://madelinemiller.dev/blog/root-minecraft-server/
[15:30:59] [Server thread/WARN]: ****************************
[15:30:59] [Server thread/INFO]: Loading properties
[15:30:59] [Server thread/INFO]: This server is running Paper version 1.21.11-127-main@bd74bf6 (2026-03-10T02:55:23Z) (Implementing API version 1.21.11-R0.1-SNAPSHOT)
[15:30:59] [Server thread/INFO]: [spark] This server bundles the spark profiler. For more information please visit https://docs.papermc.io/paper/profiling
[15:30:59] [Server thread/INFO]: Server Ping Player Sample Count: 12
[15:30:59] [Server thread/INFO]: Using 4 threads for Netty based IO
[15:31:00] [Server thread/INFO]: [MoonriseCommon] Paper is using 1 worker threads, 1 I/O threads
[15:31:00] [Server thread/INFO]: Default game type: SURVIVAL
[15:31:00] [Server thread/INFO]: Generating keypair
[15:31:01] [Server thread/INFO]: Starting Minecraft server on *:42069
[15:31:01] [Server thread/INFO]: Paper: Using libdeflate (Linux x86_64) compression from Velocity.
[15:31:01] [Server thread/INFO]: Paper: Using OpenSSL 3.x.x (Linux x86_64) cipher from Velocity.
[15:31:01] [Server thread/WARN]: **** SERVER IS RUNNING IN OFFLINE/INSECURE MODE!
[15:31:01] [Server thread/WARN]: The server will make no attempt to authenticate usernames. Beware.
[15:31:01] [Server thread/WARN]: While this makes the game possible to play without internet access, it also opens up the ability for hackers to connect with any username they choose.
[15:31:01] [Server thread/WARN]: To change this, set "online-mode" to "true" in the server.properties file.
[15:31:01] [Server thread/INFO]: Preparing level "world"
[15:31:01] [Server thread/INFO]: [PaperWorldLoader] ---- Migration of old nether folder required ----
[15:31:01] [Server thread/INFO]: [PaperWorldLoader] Unfortunately due to the way that Minecraft implemented multiworld support in 1.6, Bukkit requires that you move your nether folder to a new location in order to operate correctly.
[15:31:01] [Server thread/INFO]: [PaperWorldLoader] We will move this folder for you, but it will mean that you need to move it back should you wish to stop using Bukkit in the future.
[15:31:01] [Server thread/INFO]: [PaperWorldLoader] Attempting to move world/DIM-1 to world_nether/DIM-1...
[15:31:01] [Server thread/WARN]: [PaperWorldLoader] Could not move folder world/DIM-1 to world_nether/DIM-1!
[15:31:01] [Server thread/INFO]: [PaperWorldLoader] ---- Migration of old nether folder failed ----
[15:31:01] [Server thread/WARN]: Failed to parse level-type default, defaulting to minecraft:normal
[15:31:01] [Server thread/INFO]: Selecting spawn point for world 'minecraft:the_nether'...
[15:31:04] [Server thread/INFO]: [PaperWorldLoader] ---- Migration of old the_end folder required ----
[15:31:04] [Server thread/INFO]: [PaperWorldLoader] Unfortunately due to the way that Minecraft implemented multiworld support in 1.6, Bukkit requires that you move your the_end folder to a new location in order to operate correctly.
[15:31:04] [Server thread/INFO]: [PaperWorldLoader] We will move this folder for you, but it will mean that you need to move it back should you wish to stop using Bukkit in the future.
[15:31:04] [Server thread/INFO]: [PaperWorldLoader] Attempting to move world/DIM1 to world_the_end/DIM1...
[15:31:04] [Server thread/WARN]: [PaperWorldLoader] Could not move folder world/DIM1 to world_the_end/DIM1!
[15:31:04] [Server thread/INFO]: [PaperWorldLoader] ---- Migration of old the_end folder failed ----
[15:31:04] [Server thread/WARN]: Failed to parse level-type default, defaulting to minecraft:normal
[15:31:04] [Server thread/INFO]: Selecting spawn point for world 'minecraft:the_end'...
[15:31:05] [Server thread/INFO]: Loading 0 persistent chunks for world 'minecraft:overworld'...
[15:31:05] [Server thread/INFO]: Preparing spawn area: 100%
[15:31:05] [Server thread/INFO]: Prepared spawn area in 16 ms
[15:31:05] [Server thread/INFO]: Loading 0 persistent chunks for world 'minecraft:the_nether'...
[15:31:05] [Server thread/INFO]: Preparing spawn area: 100%
[15:31:05] [Server thread/INFO]: Prepared spawn area in 3594 ms
[15:31:05] [Server thread/INFO]: Loading 0 persistent chunks for world 'minecraft:the_end'...
[15:31:05] [Server thread/INFO]: Preparing spawn area: 100%
[15:31:05] [Server thread/INFO]: Prepared spawn area in 806 ms
[15:31:05] [Server thread/INFO]: Done preparing level "world" (4.273s)
[15:31:05] [Server thread/INFO]: [spark] Starting background profiler...
[15:31:05] [Server thread/INFO]: Running delayed init tasks
[15:31:05] [Server thread/INFO]: Done (24.773s)! For help, type "help"
[15:31:05] [Server thread/INFO]: *************************************************************************************
[15:31:05] [Server thread/INFO]: This is the first time you're starting this server.
[15:31:05] [Server thread/INFO]: It's recommended you read our 'Getting Started' documentation for guidance.
[15:31:05] [Server thread/INFO]: View this and more helpful information here: https://docs.papermc.io/paper/next-steps
[15:31:05] [Server thread/INFO]: *************************************************************************************
[15:31:06] [Paper Async Task Handler Thread - 1/INFO]: *** Currently you are 1 build(s) behind ***
[15:31:06] [Paper Async Task Handler Thread - 1/INFO]: *** It is highly recommended to download the latest build from https://papermc.io/downloads/paper ***
[15:32:03] [Server thread/INFO]: Stopping server
[15:32:03] [Server thread/INFO]: Saving players
[15:32:03] [Server thread/INFO]: Saving worlds
[15:32:03] [Server thread/INFO]: Saving chunks for level 'ServerLevel[world]'/minecraft:overworld
[15:32:03] [Server thread/INFO]: [ChunkHolderManager] Waiting 60s for chunk system to halt for world 'world'
[15:32:03] [Server thread/INFO]: [ChunkHolderManager] Halted chunk system for world 'world'
[15:32:03] [Server thread/INFO]: [ChunkHolderManager] Saving all chunkholders for world 'world'
[15:32:03] [Server thread/INFO]: [ChunkHolderManager] Saved 0 block chunks, 0 entity chunks, 0 poi chunks in world 'world' in 0.00s
[15:32:03] [Server thread/INFO]: [ChunkHolderManager] Waiting 60s for chunk I/O to halt for world 'world'
[15:32:03] [Server thread/INFO]: [ChunkHolderManager] Halted I/O scheduler for world 'world'
[15:32:03] [Server thread/INFO]: Saving chunks for level 'ServerLevel[world_nether]'/minecraft:the_nether
[15:32:03] [Server thread/INFO]: [ChunkHolderManager] Waiting 60s for chunk system to halt for world 'world_nether'
[15:32:03] [Server thread/INFO]: [ChunkHolderManager] Halted chunk system for world 'world_nether'
[15:32:03] [Server thread/INFO]: [ChunkHolderManager] Saving all chunkholders for world 'world_nether'
[15:32:03] [Server thread/INFO]: [ChunkHolderManager] Saved 0 block chunks, 0 entity chunks, 0 poi chunks in world 'world_nether' in 0.00s
[15:32:03] [Server thread/INFO]: [ChunkHolderManager] Waiting 60s for chunk I/O to halt for world 'world_nether'
[15:32:03] [Server thread/INFO]: [ChunkHolderManager] Halted I/O scheduler for world 'world_nether'
[15:32:03] [Server thread/INFO]: Saving chunks for level 'ServerLevel[world_the_end]'/minecraft:the_end
[15:32:03] [Server thread/INFO]: [ChunkHolderManager] Waiting 60s for chunk system to halt for world 'world_the_end'
[15:32:03] [Server thread/INFO]: [ChunkHolderManager] Halted chunk system for world 'world_the_end'
[15:32:03] [Server thread/INFO]: [ChunkHolderManager] Saving all chunkholders for world 'world_the_end'
[15:32:03] [Server thread/INFO]: [ChunkHolderManager] Saved 0 block chunks, 0 entity chunks, 0 poi chunks in world 'world_the_end' in 0.00s
[15:32:03] [Server thread/INFO]: [ChunkHolderManager] Waiting 60s for chunk I/O to halt for world 'world_the_end'
[15:32:03] [Server thread/INFO]: [ChunkHolderManager] Halted I/O scheduler for world 'world_the_end'
[15:32:03] [Server thread/INFO]: ThreadedAnvilChunkStorage (world): All chunks are saved
[15:32:03] [Server thread/INFO]: ThreadedAnvilChunkStorage (DIM-1): All chunks are saved
[15:32:03] [Server thread/INFO]: ThreadedAnvilChunkStorage (DIM1): All chunks are saved
[15:32:03] [Server thread/INFO]: ThreadedAnvilChunkStorage: All dimensions are saved
[15:32:03] [Server thread/INFO]: Waiting for all RegionFile I/O tasks to complete...
[15:32:03] [Server thread/INFO]: All RegionFile I/O tasks to complete
[15:32:03] [Server thread/INFO]: [MoonriseCommon] Awaiting termination of worker pool for up to 60s...
[15:32:03] [Server thread/INFO]: [MoonriseCommon] Awaiting termination of I/O pool for up to 60s...
